<?xml version="1.0" encoding="UTF-8"?>
<!-- Generated by org.testng.reporters.JUnitReportReporter -->
<testsuite hostname="AjayNamala" failures="0" tests="1" name="smoke.LoginTest" time="7.249" errors="0" timestamp="2025-08-15T07:22:17 IST" skipped="0">
  <testcase classname="smoke.LoginTest" name="login" time="7.249"/>
  <system-out/>
</testsuite> <!-- smoke.LoginTest -->
