<?xml version="1.0" encoding="UTF-8"?>
<!-- Generated by org.testng.reporters.JUnitReportReporter -->
<testsuite hostname="AjayNamala" failures="0" tests="1" name="Tests.BookAppointmentTest" time="12.644" errors="0" timestamp="2025-08-15T20:17:36 IST" skipped="0">
  <testcase classname="Tests.BookAppointmentTest" name="fillMakeAppointmentForm" time="12.644"/>
  <system-out/>
</testsuite> <!-- Tests.BookAppointmentTest -->
