<?xml version="1.0" encoding="UTF-8"?>
<!-- Generated by org.testng.reporters.JUnitReportReporter -->
<testsuite hostname="AjayNamala" failures="0" tests="1" name="Tests.Logout" time="13.902" errors="0" timestamp="2025-08-21T05:54:32 IST" skipped="0">
  <testcase classname="Tests.Logout" name="loginAndLogout" time="13.902"/>
  <system-out/>
</testsuite> <!-- Tests.Logout -->
