<?xml version="1.0" encoding="UTF-8"?>
<!-- Generated by org.testng.reporters.JUnitReportReporter -->
<testsuite hostname="AjayNamala" failures="0" tests="1" name="Tests.BookAppointmentTest" time="10.470" errors="0" timestamp="2025-08-20T19:27:13 IST" skipped="0">
  <testcase classname="Tests.BookAppointmentTest" name="fillMakeAppointmentFormWithoutHospitalReadmission" time="10.470"/>
  <system-out/>
</testsuite> <!-- Tests.BookAppointmentTest -->
