<?xml version="1.0" encoding="UTF-8"?>
<!-- Generated by org.testng.reporters.JUnitReportReporter -->
<testsuite hostname="AjayNamala" failures="0" tests="1" name="Tests.BookAppointmentTest" time="10.950" errors="0" timestamp="2025-08-16T10:28:43 IST" skipped="0">
  <testcase classname="Tests.BookAppointmentTest" name="fillMakeAppointmentForm" time="10.950"/>
  <system-out/>
</testsuite> <!-- Tests.BookAppointmentTest -->
