<?xml version="1.0" encoding="UTF-8"?>
<!-- Generated by org.testng.reporters.JUnitReportReporter -->
<testsuite hostname="AjayNamala" failures="0" tests="1" name="Tests.NavigationsTest" time="10.525" errors="0" timestamp="2025-08-21T06:05:39 IST" skipped="0">
  <testcase classname="Tests.NavigationsTest" name="verifyPageAfterLogin" time="10.525"/>
  <system-out/>
</testsuite> <!-- Tests.NavigationsTest -->
