<?xml version="1.0" encoding="UTF-8"?>
<!-- Generated by org.testng.reporters.JUnitReportReporter -->
<testsuite hostname="AjayNamala" failures="0" tests="1" name="Tests.BookAppointmentTest" time="12.560" errors="0" timestamp="2025-08-17T06:46:43 IST" skipped="0">
  <testcase classname="Tests.BookAppointmentTest" name="fillMakeAppointmentForm" time="12.560"/>
  <system-out/>
</testsuite> <!-- Tests.BookAppointmentTest -->
