<?xml version="1.0" encoding="UTF-8"?>
<!-- Generated by org.testng.reporters.JUnitReportReporter -->
<testsuite hostname="AjayNamala" failures="0" tests="1" name="Tests.BookAppointmentTest" time="11.015" errors="0" timestamp="2025-08-16T04:48:17 IST" skipped="0">
  <testcase classname="Tests.BookAppointmentTest" name="fillMakeAppointmentForm" time="11.015"/>
</testsuite> <!-- Tests.BookAppointmentTest -->
